<?xml version="1.0" encoding="UTF-8"?>
<!-- Generated by org.testng.reporters.JUnitXMLReporter -->
<testsuite hostname="DESKTOP-482OVNE" ignored="2" name="Default test" tests="1" failures="0" timestamp="23 Jun 2019 20:52:07 GMT" time="16.915" errors="0">
  <testcase name="sikuliFileDownload" time="0.01" classname="com.actitime.testScripts.AuthenticationPopUp"/>
  <testcase name="hiddenDivPopup" time="0.0" classname="com.actitime.testScripts.AuthenticationPopUp">
    <ignored/>
  </testcase> <!-- hiddenDivPopup -->
  <testcase name="authentationPopUptesting" time="0.0" classname="com.actitime.testScripts.AuthenticationPopUp">
    <ignored/>
  </testcase> <!-- authentationPopUptesting -->
</testsuite> <!-- Default test -->
