<?xml version="1.0" encoding="UTF-8"?>
<testng-results skipped="0" failed="0" ignored="0" total="1" passed="1">
  <reporter-output>
    <line>
      <![CDATA[--> username entered]]>
    </line>
    <line>
      <![CDATA[--> password entered]]>
    </line>
    <line>
      <![CDATA[--> Login button clicked]]>
    </line>
  </reporter-output>
  <suite name="Suite" duration-ms="46559" started-at="2018-11-17T18:12:28Z" finished-at="2018-11-17T18:13:15Z">
    <groups>
    </groups>
    <test name="Test" duration-ms="46559" started-at="2018-11-17T18:12:28Z" finished-at="2018-11-17T18:13:15Z">
      <class name="com.actitime.testScripts.LoginTestCase">
        <test-method status="PASS" signature="setUp()[pri:0, instance:com.actitime.testScripts.LoginTestCase@43bd930a]" name="setUp" is-config="true" duration-ms="32115" started-at="2018-11-17T18:12:28Z" finished-at="2018-11-17T18:13:00Z">
          <reporter-output>
          </reporter-output>
        </test-method> <!-- setUp -->
        <test-method status="PASS" signature="LoginFunction()[pri:0, instance:com.actitime.testScripts.LoginTestCase@43bd930a]" name="LoginFunction" duration-ms="7685" started-at="2018-11-17T18:13:00Z" finished-at="2018-11-17T18:13:08Z">
          <reporter-output>
            <line>
              <![CDATA[--> username entered]]>
            </line>
            <line>
              <![CDATA[--> password entered]]>
            </line>
            <line>
              <![CDATA[--> Login button clicked]]>
            </line>
          </reporter-output>
        </test-method> <!-- LoginFunction -->
        <test-method status="PASS" signature="tearDown()[pri:0, instance:com.actitime.testScripts.LoginTestCase@43bd930a]" name="tearDown" is-config="true" duration-ms="6721" started-at="2018-11-17T18:13:08Z" finished-at="2018-11-17T18:13:15Z">
          <reporter-output>
          </reporter-output>
        </test-method> <!-- tearDown -->
      </class> <!-- com.actitime.testScripts.LoginTestCase -->
    </test> <!-- Test -->
  </suite> <!-- Suite -->
</testng-results>
