<?xml version="1.0" encoding="UTF-8"?>
<testng-results skipped="0" failed="0" ignored="0" total="1" passed="1">
  <reporter-output>
  </reporter-output>
  <suite name="Default suite" duration-ms="10679" started-at="2019-06-19T17:43:59Z" finished-at="2019-06-19T17:44:09Z">
    <groups>
    </groups>
    <test name="Default test" duration-ms="10679" started-at="2019-06-19T17:43:59Z" finished-at="2019-06-19T17:44:09Z">
      <class name="com.actitime.testScripts.AuthenticationPopUp">
        <test-method status="PASS" signature="authentationPopUptesting()[pri:0, instance:com.actitime.testScripts.AuthenticationPopUp@491cc5c9]" name="authentationPopUptesting" duration-ms="10650" started-at="2019-06-19T17:43:59Z" finished-at="2019-06-19T17:44:09Z">
          <reporter-output>
          </reporter-output>
        </test-method> <!-- authentationPopUptesting -->
      </class> <!-- com.actitime.testScripts.AuthenticationPopUp -->
    </test> <!-- Default test -->
  </suite> <!-- Default suite -->
</testng-results>
