<?xml version="1.0" encoding="UTF-8"?>
<!-- Generated by org.testng.reporters.JUnitReportReporter -->
<testsuite skipped="0" hostname="DESKTOP-482OVNE" name="com.actitime.testScripts.LoginTestCase" tests="2" failures="0" timestamp="18 Nov 2018 09:34:31 GMT" time="57.163" errors="0">
  <testcase name="loginTest" time="27.922" classname="com.actitime.testScripts.LoginTestCase"/>
  <testcase name="invalidLoginTest" time="29.241" classname="com.actitime.testScripts.LoginTestCase"/>
</testsuite> <!-- com.actitime.testScripts.LoginTestCase -->
